<?xml version="1.0" encoding="UTF-8"?>
<robot generator="Robot 4.0.3 (Python 3.9.5 on win32)" generated="20210709 11:37:53.812" rpa="false" schemaversion="2">
<suite id="s1" name="Verify Credential tests" source="C:\Users\rajeshwarib\PycharmProjects\OpenEMRFrame\LoginSuite\Verify_Credential_tests.robot">
<test id="s1-t1" name="Verify Credetials">
<kw name="Launch Browser" library="common_fun" type="SETUP">
<kw name="Set Suite Documentation" library="BuiltIn">
<arg>lAUNCHING BROWSER</arg>
<doc>Sets documentation for the current test suite.</doc>
<msg timestamp="20210709 11:37:54.253" level="INFO">Set suite documentation to:
lAUNCHING BROWSER</msg>
<status status="PASS" starttime="20210709 11:37:54.253" endtime="20210709 11:37:54.253"/>
</kw>
<kw name="Append To Environment Variable" library="OperatingSystem">
<arg>Path</arg>
<arg>C:\\Users\\rajeshwarib\\PycharmProjects\\OpenEMRFrame\\Driver</arg>
<doc>Appends given ``values`` to environment variable ``name``.</doc>
<msg timestamp="20210709 11:37:54.254" level="INFO">Environment variable 'Path' set to value 'C:\Program Files (x86)\Common Files\Oracle\Java\javapath;C:\WINDOWS\system32;C:\WINDOWS;C:\WINDOWS\System32\Wbem;C:\WINDOWS\System32\WindowsPowerShell\v1.0\;C:\WINDOWS\System32\OpenSSH\;C:\Program Files (x86)\Webex\Webex\Applications;C:\Program Files (x86)\Sennheiser\SenncomSDK\;C:\Program Files\Git\cmd;C:\Users\rajeshwarib\AppData\Local\Programs\Python\Python39\;C:\Users\rajeshwarib\AppData\Local\Programs\Python\Python39\Scripts;C:\Users\rajeshwarib\AppData\Local\Programs\Python\Python39\Scripts\;C:\Users\rajeshwarib\AppData\Local\Programs\Python\Python39\;C:\Users\rajeshwarib\AppData\Local\Microsoft\WindowsApps;;C:\Program Files\JetBrains\PyCharm Community Edition 2021.1.3\bin;;C:\Users\rajeshwarib\PycharmProjects\OpenEMRFrame\Driver'.</msg>
<status status="PASS" starttime="20210709 11:37:54.253" endtime="20210709 11:37:54.254"/>
</kw>
<kw name="Open Browser" library="SeleniumLibrary">
<arg>url=http://demo.openemr.io/b/openemr/interface/login/login.php?site=default</arg>
<arg>browser=gc</arg>
<doc>Opens a new browser instance to the optional ``url``.</doc>
<msg timestamp="20210709 11:37:54.255" level="INFO">Opening browser 'gc' to base url 'http://demo.openemr.io/b/openemr/interface/login/login.php?site=default'.</msg>
<status status="PASS" starttime="20210709 11:37:54.254" endtime="20210709 11:38:02.595"/>
</kw>
<kw name="Maximize Browser Window" library="SeleniumLibrary">
<doc>Maximizes current browser window.</doc>
<status status="PASS" starttime="20210709 11:38:02.596" endtime="20210709 11:38:02.778"/>
</kw>
<status status="PASS" starttime="20210709 11:37:54.252" endtime="20210709 11:38:02.778"/>
</kw>
<kw name="Set Selenium Implicit Wait" library="SeleniumLibrary">
<arg>30s</arg>
<doc>Sets the implicit wait value used by Selenium.</doc>
<status status="PASS" starttime="20210709 11:38:02.779" endtime="20210709 11:38:02.781"/>
</kw>
<kw name="Input Text" library="SeleniumLibrary">
<arg>id:authUser</arg>
<arg>admin</arg>
<doc>Types the given ``text`` into the text field identified by ``locator``.</doc>
<msg timestamp="20210709 11:38:02.783" level="INFO">Typing text 'admin' into text field 'id:authUser'.</msg>
<status status="PASS" starttime="20210709 11:38:02.782" endtime="20210709 11:38:02.946"/>
</kw>
<kw name="Input Password" library="SeleniumLibrary">
<arg>id=clearPass</arg>
<arg>pass</arg>
<doc>Types the given password into the text field identified by ``locator``.</doc>
<msg timestamp="20210709 11:38:02.947" level="INFO">Typing password into text field 'id=clearPass'.</msg>
<msg timestamp="20210709 11:38:03.016" level="INFO">Temporally setting log level to: NONE</msg>
<msg timestamp="20210709 11:38:03.110" level="INFO">Log level changed from NONE to INFO.</msg>
<status status="PASS" starttime="20210709 11:38:02.947" endtime="20210709 11:38:03.110"/>
</kw>
<kw name="Select From List By Label" library="SeleniumLibrary">
<arg>name=languageChoice</arg>
<arg>English (Indian)</arg>
<doc>Selects options from selection list ``locator`` by ``labels``.</doc>
<msg timestamp="20210709 11:38:03.111" level="INFO">Selecting options from selection list 'name=languageChoice' by label English (Indian).</msg>
<status status="PASS" starttime="20210709 11:38:03.111" endtime="20210709 11:38:03.261"/>
</kw>
<kw name="Click Element" library="SeleniumLibrary">
<arg>xpath=//button[@type='submit']</arg>
<doc>Click the element identified by ``locator``.</doc>
<msg timestamp="20210709 11:38:03.262" level="INFO">Clicking element 'xpath=//button[@type='submit']'.</msg>
<status status="PASS" starttime="20210709 11:38:03.261" endtime="20210709 11:38:07.470"/>
</kw>
<kw name="End Browser" library="common_fun" type="TEARDOWN">
<kw name="Close Browser" library="SeleniumLibrary">
<doc>Closes the current browser.</doc>
<status status="PASS" starttime="20210709 11:38:07.472" endtime="20210709 11:38:10.019"/>
</kw>
<status status="PASS" starttime="20210709 11:38:07.471" endtime="20210709 11:38:10.020"/>
</kw>
<status status="PASS" starttime="20210709 11:37:54.251" endtime="20210709 11:38:10.020"/>
</test>
<test id="s1-t2" name="TC2">
<kw name="Log To Console" library="BuiltIn">
<arg>23</arg>
<doc>Logs the given message to the console.</doc>
<status status="PASS" starttime="20210709 11:38:10.022" endtime="20210709 11:38:10.023"/>
</kw>
<status status="PASS" starttime="20210709 11:38:10.021" endtime="20210709 11:38:10.023"/>
</test>
<doc>lAUNCHING BROWSER</doc>
<status status="PASS" starttime="20210709 11:37:53.818" endtime="20210709 11:38:10.025"/>
</suite>
<statistics>
<total>
<stat pass="2" fail="0" skip="0">All Tests</stat>
</total>
<tag>
</tag>
<suite>
<stat pass="2" fail="0" skip="0" id="s1" name="Verify Credential tests">Verify Credential tests</stat>
</suite>
</statistics>
<errors>
</errors>
</robot>
